2023-04-04 10:49:32,700 INFO o.a.j.u.JMeterUtils: Setting Locale to en_EN
2023-04-04 10:49:32,754 INFO o.a.j.JMeter: Loading user properties from: user.properties
2023-04-04 10:49:32,756 INFO o.a.j.JMeter: Loading system properties from: system.properties
2023-04-04 10:49:32,795 INFO o.a.j.JMeter: Copyright (c) 1998-2022 The Apache Software Foundation
2023-04-04 10:49:32,795 INFO o.a.j.JMeter: Version 5.5
2023-04-04 10:49:32,796 INFO o.a.j.JMeter: java.version=1.8.0_361
2023-04-04 10:49:32,796 INFO o.a.j.JMeter: java.vm.name=Java HotSpot(TM) Client VM
2023-04-04 10:49:32,796 INFO o.a.j.JMeter: os.name=Windows 10
2023-04-04 10:49:32,797 INFO o.a.j.JMeter: os.arch=x86
2023-04-04 10:49:32,797 INFO o.a.j.JMeter: os.version=10.0
2023-04-04 10:49:32,797 INFO o.a.j.JMeter: file.encoding=Cp1252
2023-04-04 10:49:32,798 INFO o.a.j.JMeter: java.awt.headless=null
2023-04-04 10:49:32,798 INFO o.a.j.JMeter: Max memory     =1073741824
2023-04-04 10:49:32,798 INFO o.a.j.JMeter: Available Processors =4
2023-04-04 10:49:32,822 INFO o.a.j.JMeter: Default Locale=English (EN)
2023-04-04 10:49:32,823 INFO o.a.j.JMeter: JMeter  Locale=English (EN)
2023-04-04 10:49:32,823 INFO o.a.j.JMeter: JMeterHome=C:\Users\RAGURAMAN\Downloads\apache-jmeter-5.5\apache-jmeter-5.5
2023-04-04 10:49:32,823 INFO o.a.j.JMeter: user.dir  =C:\Users\RAGURAMAN\Downloads\apache-jmeter-5.5\apache-jmeter-5.5\bin
2023-04-04 10:49:32,825 INFO o.a.j.JMeter: PWD       =C:\Users\RAGURAMAN\Downloads\apache-jmeter-5.5\apache-jmeter-5.5\bin
2023-04-04 10:49:32,828 INFO o.a.j.JMeter: IP: 192.168.29.152 Name: DESKTOP-EIMME8R FullName: DESKTOP-EIMME8R
2023-04-04 10:49:32,913 INFO o.a.j.JMeter: Loaded icon properties from org/apache/jmeter/images/icon.properties
2023-04-04 10:49:33,613 INFO o.a.j.JMeterGuiLauncher: Setting LAF to: laf:com.sun.java.swing.plaf.windows.WindowsClassicLookAndFeel
2023-04-04 11:13:48,303 INFO o.a.j.p.h.s.HTTPSamplerBase: Parser for text/html is org.apache.jmeter.protocol.http.parser.LagartoBasedHtmlParser
2023-04-04 11:13:48,305 INFO o.a.j.p.h.s.HTTPSamplerBase: Parser for application/xhtml+xml is org.apache.jmeter.protocol.http.parser.LagartoBasedHtmlParser
2023-04-04 11:13:48,306 INFO o.a.j.p.h.s.HTTPSamplerBase: Parser for application/xml is org.apache.jmeter.protocol.http.parser.LagartoBasedHtmlParser
2023-04-04 11:13:48,306 INFO o.a.j.p.h.s.HTTPSamplerBase: Parser for text/xml is org.apache.jmeter.protocol.http.parser.LagartoBasedHtmlParser
2023-04-04 11:13:48,306 INFO o.a.j.p.h.s.HTTPSamplerBase: Parser for text/vnd.wap.wml is org.apache.jmeter.protocol.http.parser.RegexpHTMLParser
2023-04-04 11:13:48,306 INFO o.a.j.p.h.s.HTTPSamplerBase: Parser for text/css is org.apache.jmeter.protocol.http.parser.CssParser
2023-04-04 11:18:43,637 INFO o.a.j.s.SampleResult: Note: Sample TimeStamps are START times
2023-04-04 11:18:43,638 INFO o.a.j.s.SampleResult: sampleresult.default.encoding is set to ISO-8859-1
2023-04-04 11:18:43,638 INFO o.a.j.s.SampleResult: sampleresult.useNanoTime=true
2023-04-04 11:18:43,638 INFO o.a.j.s.SampleResult: sampleresult.nanoThreadSleep=5000
2023-04-04 11:19:33,988 INFO o.a.j.s.FileServer: Default base='C:\Users\RAGURAMAN\Downloads\apache-jmeter-5.5\apache-jmeter-5.5\bin'
2023-04-04 11:19:33,993 INFO o.a.j.s.FileServer: Set new base='C:\Users\RAGURAMAN\Desktop'
2023-04-04 11:19:34,568 INFO o.a.j.s.SaveService: Testplan (JMX) version: 2.2. Testlog (JTL) version: 2.2
2023-04-04 11:19:34,649 INFO o.a.j.s.SaveService: Using SaveService properties file encoding UTF-8
2023-04-04 11:19:34,653 INFO o.a.j.s.SaveService: Using SaveService properties version 5.0
2023-04-04 11:19:48,822 INFO o.a.j.s.FileServer: Set new base='C:\Users\RAGURAMAN\Desktop\Jmeter_Output'
2023-04-04 11:20:15,253 INFO o.a.j.e.StandardJMeterEngine: Running the test!
2023-04-04 11:20:15,258 INFO o.a.j.s.SampleEvent: List of sample_variables: []
2023-04-04 11:20:15,259 INFO o.a.j.s.SampleEvent: List of sample_variables: []
2023-04-04 11:20:15,265 INFO o.a.j.e.u.CompoundVariable: Note: Function class names must contain the string: '.functions.'
2023-04-04 11:20:15,266 INFO o.a.j.e.u.CompoundVariable: Note: Function class names must not contain the string: '.gui.'
2023-04-04 11:20:16,483 INFO o.a.j.g.u.JMeterMenuBar: setRunning(true, *local*)
2023-04-04 11:20:16,548 INFO o.a.j.e.StandardJMeterEngine: Starting ThreadGroup: 1 : Thread Group
2023-04-04 11:20:16,549 INFO o.a.j.e.StandardJMeterEngine: Starting 10 threads for group Thread Group.
2023-04-04 11:20:16,550 INFO o.a.j.e.StandardJMeterEngine: Thread will continue on error
2023-04-04 11:20:16,550 INFO o.a.j.t.ThreadGroup: Starting thread group... number=1 threads=10 ramp-up=20 delayedStart=false
2023-04-04 11:20:16,578 INFO o.a.j.t.JMeterThread: Thread started: Thread Group 1-1
2023-04-04 11:20:16,592 INFO o.a.j.t.ThreadGroup: Started thread group number 1
2023-04-04 11:20:16,593 INFO o.a.j.e.StandardJMeterEngine: All thread groups have been started
2023-04-04 11:20:16,664 INFO o.a.j.p.h.s.HTTPHCAbstractImpl: Local host = DESKTOP-EIMME8R
2023-04-04 11:20:16,704 INFO o.a.j.p.h.s.HTTPHC4Impl: HTTP request retry count = 0
2023-04-04 11:20:17,158 INFO o.a.j.p.h.s.h.LazyLayeredConnectionSocketFactory: Setting up HTTPS TrustAll Socket Factory
2023-04-04 11:20:17,174 INFO o.a.j.u.JsseSSLManager: Using default SSL protocol: TLS
2023-04-04 11:20:17,175 INFO o.a.j.u.JsseSSLManager: SSL session context: per-thread
2023-04-04 11:20:18,193 INFO o.a.j.u.SSLManager: JmeterKeyStore Location:  type JKS
2023-04-04 11:20:18,202 INFO o.a.j.u.SSLManager: KeyStore created OK
2023-04-04 11:20:18,204 WARN o.a.j.u.SSLManager: Keystore file not found, loading empty keystore
2023-04-04 11:20:18,559 INFO o.a.j.t.JMeterThread: Thread started: Thread Group 1-2
2023-04-04 11:20:20,033 INFO o.a.j.t.JMeterThread: Thread is done: Thread Group 1-1
2023-04-04 11:20:20,034 INFO o.a.j.t.JMeterThread: Thread finished: Thread Group 1-1
2023-04-04 11:20:20,099 INFO o.a.j.t.JMeterThread: Thread is done: Thread Group 1-2
2023-04-04 11:20:20,100 INFO o.a.j.t.JMeterThread: Thread finished: Thread Group 1-2
2023-04-04 11:20:20,558 INFO o.a.j.t.JMeterThread: Thread started: Thread Group 1-3
2023-04-04 11:20:21,498 INFO o.a.j.t.JMeterThread: Thread is done: Thread Group 1-3
2023-04-04 11:20:21,498 INFO o.a.j.t.JMeterThread: Thread finished: Thread Group 1-3
2023-04-04 11:20:22,576 INFO o.a.j.t.JMeterThread: Thread started: Thread Group 1-4
2023-04-04 11:20:23,496 INFO o.a.j.t.JMeterThread: Thread is done: Thread Group 1-4
2023-04-04 11:20:23,496 INFO o.a.j.t.JMeterThread: Thread finished: Thread Group 1-4
2023-04-04 11:20:24,572 INFO o.a.j.t.JMeterThread: Thread started: Thread Group 1-5
2023-04-04 11:20:25,572 INFO o.a.j.t.JMeterThread: Thread is done: Thread Group 1-5
2023-04-04 11:20:25,572 INFO o.a.j.t.JMeterThread: Thread finished: Thread Group 1-5
2023-04-04 11:20:26,571 INFO o.a.j.t.JMeterThread: Thread started: Thread Group 1-6
2023-04-04 11:20:27,720 INFO o.a.j.t.JMeterThread: Thread is done: Thread Group 1-6
2023-04-04 11:20:27,721 INFO o.a.j.t.JMeterThread: Thread finished: Thread Group 1-6
2023-04-04 11:20:28,567 INFO o.a.j.t.JMeterThread: Thread started: Thread Group 1-7
2023-04-04 11:20:29,693 INFO o.a.j.t.JMeterThread: Thread is done: Thread Group 1-7
2023-04-04 11:20:29,693 INFO o.a.j.t.JMeterThread: Thread finished: Thread Group 1-7
2023-04-04 11:20:30,564 INFO o.a.j.t.JMeterThread: Thread started: Thread Group 1-8
2023-04-04 11:20:31,546 INFO o.a.j.t.JMeterThread: Thread is done: Thread Group 1-8
2023-04-04 11:20:31,547 INFO o.a.j.t.JMeterThread: Thread finished: Thread Group 1-8
2023-04-04 11:20:32,562 INFO o.a.j.t.JMeterThread: Thread started: Thread Group 1-9
2023-04-04 11:20:33,360 INFO o.a.j.t.JMeterThread: Thread is done: Thread Group 1-9
2023-04-04 11:20:33,361 INFO o.a.j.t.JMeterThread: Thread finished: Thread Group 1-9
2023-04-04 11:20:34,560 INFO o.a.j.t.JMeterThread: Thread started: Thread Group 1-10
2023-04-04 11:20:35,514 INFO o.a.j.t.JMeterThread: Thread is done: Thread Group 1-10
2023-04-04 11:20:35,514 INFO o.a.j.t.JMeterThread: Thread finished: Thread Group 1-10
2023-04-04 11:20:35,516 INFO o.a.j.e.StandardJMeterEngine: Notifying test listeners of end of test
2023-04-04 11:20:35,517 INFO o.a.j.g.u.JMeterMenuBar: setRunning(false, *local*)
2023-04-04 11:24:21,991 INFO o.a.j.e.StandardJMeterEngine: Running the test!
2023-04-04 11:24:21,993 INFO o.a.j.s.SampleEvent: List of sample_variables: []
2023-04-04 11:24:21,996 INFO o.a.j.g.u.JMeterMenuBar: setRunning(true, *local*)
2023-04-04 11:24:22,367 INFO o.a.j.e.StandardJMeterEngine: Starting ThreadGroup: 1 : Thread Group
2023-04-04 11:24:22,367 INFO o.a.j.e.StandardJMeterEngine: Starting 10 threads for group Thread Group.
2023-04-04 11:24:22,368 INFO o.a.j.e.StandardJMeterEngine: Thread will continue on error
2023-04-04 11:24:22,368 INFO o.a.j.t.ThreadGroup: Starting thread group... number=1 threads=10 ramp-up=20 delayedStart=false
2023-04-04 11:24:22,380 INFO o.a.j.t.ThreadGroup: Started thread group number 1
2023-04-04 11:24:22,381 INFO o.a.j.e.StandardJMeterEngine: All thread groups have been started
2023-04-04 11:24:22,392 INFO o.a.j.t.JMeterThread: Thread started: Thread Group 1-1
2023-04-04 11:24:23,344 INFO o.a.j.t.JMeterThread: Thread is done: Thread Group 1-1
2023-04-04 11:24:23,344 INFO o.a.j.t.JMeterThread: Thread finished: Thread Group 1-1
2023-04-04 11:24:24,399 INFO o.a.j.t.JMeterThread: Thread started: Thread Group 1-2
2023-04-04 11:24:25,501 INFO o.a.j.t.JMeterThread: Thread is done: Thread Group 1-2
2023-04-04 11:24:25,501 INFO o.a.j.t.JMeterThread: Thread finished: Thread Group 1-2
2023-04-04 11:24:26,399 INFO o.a.j.t.JMeterThread: Thread started: Thread Group 1-3
2023-04-04 11:24:27,317 INFO o.a.j.t.JMeterThread: Thread is done: Thread Group 1-3
2023-04-04 11:24:27,317 INFO o.a.j.t.JMeterThread: Thread finished: Thread Group 1-3
2023-04-04 11:24:28,399 INFO o.a.j.t.JMeterThread: Thread started: Thread Group 1-4
2023-04-04 11:24:29,240 INFO o.a.j.t.JMeterThread: Thread is done: Thread Group 1-4
2023-04-04 11:24:29,240 INFO o.a.j.t.JMeterThread: Thread finished: Thread Group 1-4
2023-04-04 11:24:30,396 INFO o.a.j.t.JMeterThread: Thread started: Thread Group 1-5
2023-04-04 11:24:31,916 INFO o.a.j.t.JMeterThread: Thread is done: Thread Group 1-5
2023-04-04 11:24:31,916 INFO o.a.j.t.JMeterThread: Thread finished: Thread Group 1-5
2023-04-04 11:24:32,397 INFO o.a.j.t.JMeterThread: Thread started: Thread Group 1-6
2023-04-04 11:24:33,573 INFO o.a.j.t.JMeterThread: Thread is done: Thread Group 1-6
2023-04-04 11:24:33,574 INFO o.a.j.t.JMeterThread: Thread finished: Thread Group 1-6
2023-04-04 11:24:34,397 INFO o.a.j.t.JMeterThread: Thread started: Thread Group 1-7
2023-04-04 11:24:35,371 INFO o.a.j.t.JMeterThread: Thread is done: Thread Group 1-7
2023-04-04 11:24:35,371 INFO o.a.j.t.JMeterThread: Thread finished: Thread Group 1-7
2023-04-04 11:24:36,396 INFO o.a.j.t.JMeterThread: Thread started: Thread Group 1-8
2023-04-04 11:24:37,270 INFO o.a.j.t.JMeterThread: Thread is done: Thread Group 1-8
2023-04-04 11:24:37,270 INFO o.a.j.t.JMeterThread: Thread finished: Thread Group 1-8
2023-04-04 11:24:38,395 INFO o.a.j.t.JMeterThread: Thread started: Thread Group 1-9
2023-04-04 11:24:39,375 INFO o.a.j.t.JMeterThread: Thread is done: Thread Group 1-9
2023-04-04 11:24:39,375 INFO o.a.j.t.JMeterThread: Thread finished: Thread Group 1-9
2023-04-04 11:24:40,394 INFO o.a.j.t.JMeterThread: Thread started: Thread Group 1-10
2023-04-04 11:24:41,320 INFO o.a.j.t.JMeterThread: Thread is done: Thread Group 1-10
2023-04-04 11:24:41,320 INFO o.a.j.t.JMeterThread: Thread finished: Thread Group 1-10
2023-04-04 11:24:41,321 INFO o.a.j.e.StandardJMeterEngine: Notifying test listeners of end of test
2023-04-04 11:24:41,322 INFO o.a.j.g.u.JMeterMenuBar: setRunning(false, *local*)
